Using pre-set license
Built from '2020.3/staging' branch; Version is '2020.3.19f1 (68f137dc9bbe) revision 6877495'; Using compiler version '192528614'; Build Type 'Release'
OS: 'Windows 10 Home; OS build 19042.1288; Version 2009; 64bit' Language: 'es' Physical Memory: 3817 MB
BatchMode: 1, IsHumanControllingUs: 0, StartBugReporterOnCrash: 0, Is64bit: 1, IsPro: 0

COMMAND LINE ARGUMENTS:
C:\Program Files\Unity\Hub\Editor\2020.3.19f1\Editor\Unity.exe
-adb2
-batchMode
-noUpm
-name
AssetImportWorker54
-projectPath
C:/Users/acer/OneDrive/Documentos/GitHub/FlotsCobs
-logFile
Logs/AssetImportWorker54.log
-srvPort
61751
Successfully changed project path to: C:/Users/acer/OneDrive/Documentos/GitHub/FlotsCobs
C:/Users/acer/OneDrive/Documentos/GitHub/FlotsCobs
Using Asset Import Pipeline V2.
