Using pre-set license
Built from '2020.3/staging' branch; Version is '2020.3.19f1 (68f137dc9bbe) revision 6877495'; Using compiler version '192528614'; Build Type 'Release'
OS: 'Windows 10 Home; OS build 19042.1288; Version 2009; 64bit' Language: 'es' Physical Memory: 3817 MB
BatchMode: 1, IsHumanControllingUs: 0, StartBugReporterOnCrash: 0, Is64bit: 1, IsPro: 0

COMMAND LINE ARGUMENTS:
C:\Program Files\Unity\Hub\Editor\2020.3.19f1\Editor\Unity.exe
-adb2
-batchMode
-noUpm
-name
AssetImportWorker23
-projectPath
C:/Users/acer/OneDrive/Documentos/GitHub/FlotsCobs
-logFile
Logs/AssetImportWorker23.log
-srvPort
49990
Successfully changed project path to: C:/Users/acer/OneDrive/Documentos/GitHub/FlotsCobs
C:/Users/acer/OneDrive/Documentos/GitHub/FlotsCobs
Using Asset Import Pipeline V2.
Refreshing native plugins compatible for Editor in 318.69 ms, found 2 plugins.
Preloading 0 native plugins for Editor in 0.00 ms.
Initialize engine version: 2020.3.19f1 (68f137dc9bbe)
[Subsystems] Discovering subsystems at path C:/Program Files/Unity/Hub/Editor/2020.3.19f1/Editor/Data/Resources/UnitySubsystems
[Subsystems] Discovering subsystems at path C:/Users/acer/OneDrive/Documentos/GitHub/FlotsCobs/Assets
GfxDevice: creating device client; threaded=0
Direct3D:
    Version:  Direct3D 11.0 [level 11.0]
    Renderer: AMD Radeon HD 7310 Graphics (ID=0x9809)
    Vendor:   
    VRAM:     245 MB
    Driver:   15.201.1151.0
Initialize mono
Mono path[0] = 'C:/Program Files/Unity/Hub/Editor/2020.3.19f1/Editor/Data/Managed'
Mono path[1] = 'C:/Program Files/Unity/Hub/Editor/2020.3.19f1/Editor/Data/MonoBleedingEdge/lib/mono/unityjit'
Mono config path = 'C:/Program Files/Unity/Hub/Editor/2020.3.19f1/Editor/Data/MonoBleedingEdge/etc'
Using monoOptions --debugger-agent=transport=dt_socket,embedding=1,server=y,suspend=n,address=127.0.0.1:56728
Begin MonoManager ReloadAssembly
Registering precompiled unity dll's ...
Register platform support module: C:/Program Files/Unity/Hub/Editor/2020.3.19f1/Editor/Data/PlaybackEngines/WindowsStandaloneSupport/UnityEditor.WindowsStandalone.Extensions.dll
Registered in 0.013913 seconds.
Native extension for WindowsStandalone target not found
Refreshing native plugins compatible for Editor in 323.07 ms, found 2 plugins.
Preloading 0 native plugins for Editor in 0.00 ms.
Mono: successfully reloaded assembly
- Completed reload, in  9.933 seconds
Domain Reload Profiling:
	ReloadAssembly (9941ms)
		BeginReloadAssembly (592ms)
			ExecutionOrderSort (0ms)
			DisableScriptedObjects (0ms)
			BackupInstance (0ms)
			ReleaseScriptingObjects (0ms)
			CreateAndSetChildDomain (4ms)
		EndReloadAssembly (4582ms)
			LoadAssemblies (577ms)
			RebuildTransferFunctionScriptingTraits (8ms)
			SetupTypeCache (1653ms)
			ReleaseScriptCaches (0ms)
			RebuildScriptCaches (406ms)
			SetupLoadedEditorAssemblies (1697ms)
				LogAssemblyErrors (0ms)
				InitializePlatformSupportModulesInManaged (34ms)
				SetLoadedEditorAssemblies (2ms)
				RefreshPlugins (323ms)
				BeforeProcessingInitializeOnLoad (90ms)
				ProcessInitializeOnLoadAttributes (905ms)
				ProcessInitializeOnLoadMethodAttributes (341ms)
				AfterProcessingInitializeOnLoad (0ms)
				EditorAssembliesLoaded (2ms)
			ExecutionOrderSort2 (0ms)
			AwakeInstancesAfterBackupRestoration (0ms)
Platform modules already initialized, skipping
Registering precompiled user dll's ...
Registered in 0.039662 seconds.
Begin MonoManager ReloadAssembly
Native extension for WindowsStandalone target not found
Refreshing native plugins compatible for Editor in 1.43 ms, found 2 plugins.
Preloading 0 native plugins for Editor in 0.00 ms.
Mono: successfully reloaded assembly
- Completed reload, in  9.250 seconds
Domain Reload Profiling:
	ReloadAssembly (9326ms)
		BeginReloadAssembly (1401ms)
			ExecutionOrderSort (0ms)
			DisableScriptedObjects (39ms)
			BackupInstance (0ms)
			ReleaseScriptingObjects (0ms)
			CreateAndSetChildDomain (132ms)
		EndReloadAssembly (7367ms)
			LoadAssemblies (858ms)
			RebuildTransferFunctionScriptingTraits (0ms)
			SetupTypeCache (2508ms)
			ReleaseScriptCaches (2ms)
			RebuildScriptCaches (365ms)
			SetupLoadedEditorAssemblies (2674ms)
				LogAssemblyErrors (0ms)
				InitializePlatformSupportModulesInManaged (41ms)
				SetLoadedEditorAssemblies (3ms)
				RefreshPlugins (2ms)
				BeforeProcessingInitializeOnLoad (491ms)
				ProcessInitializeOnLoadAttributes (2060ms)
				ProcessInitializeOnLoadMethodAttributes (37ms)
				AfterProcessingInitializeOnLoad (38ms)
				EditorAssembliesLoaded (1ms)
			ExecutionOrderSort2 (0ms)
			AwakeInstancesAfterBackupRestoration (57ms)
Platform modules already initialized, skipping
========================================================================
Worker process is ready to serve import requests
Launched and connected shader compiler UnityShaderCompiler.exe after 1.68 seconds
Refreshing native plugins compatible for Editor in 1.36 ms, found 2 plugins.
Preloading 0 native plugins for Editor in 0.00 ms.
Unloading 1403 Unused Serialized files (Serialized files now loaded: 0)
System memory in use before: 65.4 MB.
System memory in use after: 65.5 MB.

Unloading 16 unused Assets to reduce memory usage. Loaded Objects now: 1841.
Total: 19.523500 ms (FindLiveObjects: 1.127100 ms CreateObjectMapping: 0.346500 ms MarkObjects: 17.434100 ms  DeleteObjects: 0.607500 ms)

AssetImportParameters requested are different than current active one (requested -> active):
  custom:framework-win-MediaFoundation: 216162199b28c13a410421893ffa2e32 -> 
  custom:video-decoder-ogg-theora: a1e56fd34408186e4bbccfd4996cb3dc -> 
  custom:container-muxer-webm: aa71ff27fc2769a1b78a27578f13a17b -> 
  custom:container-demuxer-webm: 4f35f7cbe854078d1ac9338744f61a02 -> 
  custom:container-demuxer-ogg: 62fdf1f143b41e24485cea50d1cbac27 -> 
  custom:video-encoder-webm-vp8: eb34c28f22e8b96e1ab97ce403110664 -> 
  custom:video-decoder-webm-vp8: 9c59270c3fd7afecdb556c50c9e8de78 -> 
  custom:audio-decoder-ogg-vorbis: bf7c407c2cedff20999df2af8eb42d56 -> 
  custom:audio-encoder-webm-vorbis: bf7c407c2cedff20999df2af8eb42d56 -> 
========================================================================
Received Import Request.
  path: Packages/com.unity.ide.visualstudio/package.json
  artifactKey: Guid(656f74f6edaa396458412b9e3903d8cd) Importer(815301076,1909f56bfc062723c751e8b465ee728b)
Start importing Packages/com.unity.ide.visualstudio/package.json using Guid(656f74f6edaa396458412b9e3903d8cd) Importer(815301076,1909f56bfc062723c751e8b465ee728b)  -> (artifact id: 'd46db23716272956467c90831c6c24d6') in 0.703924 seconds 
  Import took 0.872691 seconds .

========================================================================
Received Import Request.
  Time since last request: 0.001090 seconds.
  path: Packages/com.unity.ide.vscode/package.json
  artifactKey: Guid(ffc6271f08270b64ca0aae9c49235d81) Importer(815301076,1909f56bfc062723c751e8b465ee728b)
Start importing Packages/com.unity.ide.vscode/package.json using Guid(ffc6271f08270b64ca0aae9c49235d81) Importer(815301076,1909f56bfc062723c751e8b465ee728b)  -> (artifact id: 'fc2eb58b715695d862cee57d9b6e36af') in 0.444669 seconds 
  Import took 0.516010 seconds .

========================================================================
Received Import Request.
  Time since last request: 56.796190 seconds.
  path: Assets/Scenes/Final.unity
  artifactKey: Guid(ab63416f8ce3a4f4ebe44a4f2486f2da) Importer(815301076,1909f56bfc062723c751e8b465ee728b)
Start importing Assets/Scenes/Final.unity using Guid(ab63416f8ce3a4f4ebe44a4f2486f2da) Importer(815301076,1909f56bfc062723c751e8b465ee728b)  -> (artifact id: '168b76374d8156c9dee7860dfd6b85be') in 0.125357 seconds 
  Import took 0.239155 seconds .

========================================================================
Received Import Request.
  Time since last request: 143.974048 seconds.
  path: Assets/SpaceSkies Free/Skybox_2/Textures/1K_Resolution
  artifactKey: Guid(bf8eed9c0fb60c14ca520b4a95f714a7) Importer(815301076,1909f56bfc062723c751e8b465ee728b)
Start importing Assets/SpaceSkies Free/Skybox_2/Textures/1K_Resolution using Guid(bf8eed9c0fb60c14ca520b4a95f714a7) Importer(815301076,1909f56bfc062723c751e8b465ee728b)  -> (artifact id: 'ee9433ff02f82d3bf9234d311e1e7645') in 0.577427 seconds 
  Import took 0.756574 seconds .

========================================================================
Received Import Request.
  Time since last request: 305.193882 seconds.
  path: Assets/Prefabs/Skybox_3
  artifactKey: Guid(da48edec3727e0348984027af04fd4ff) Importer(815301076,1909f56bfc062723c751e8b465ee728b)
Start importing Assets/Prefabs/Skybox_3 using Guid(da48edec3727e0348984027af04fd4ff) Importer(815301076,1909f56bfc062723c751e8b465ee728b)  -> (artifact id: 'e74d6e274d3d7e7452f0fafc02924e98') in 0.297272 seconds 
  Import took 0.413427 seconds .

========================================================================
Received Import Request.
  Time since last request: 32.655276 seconds.
  path: Assets/Prefabs/Skybox_1
  artifactKey: Guid(9a2b23d02abff604bb3b2c8b76ee104b) Importer(815301076,1909f56bfc062723c751e8b465ee728b)
Start importing Assets/Prefabs/Skybox_1 using Guid(9a2b23d02abff604bb3b2c8b76ee104b) Importer(815301076,1909f56bfc062723c751e8b465ee728b)  -> (artifact id: '7aedd5ccd50540d355bdfa4189030082') in 0.122061 seconds 
  Import took 0.177304 seconds .

========================================================================
Received Import Request.
  Time since last request: 55.854362 seconds.
  path: Assets/Scenes/Principal.unity
  artifactKey: Guid(9fc0d4010bbf28b4594072e72b8655ab) Importer(815301076,1909f56bfc062723c751e8b465ee728b)
Start importing Assets/Scenes/Principal.unity using Guid(9fc0d4010bbf28b4594072e72b8655ab) Importer(815301076,1909f56bfc062723c751e8b465ee728b)  -> (artifact id: '096bb2ccc32cc5af9d6a6007e5cb46a7') in 0.088197 seconds 
  Import took 0.311516 seconds .

========================================================================
Received Import Request.
  Time since last request: 20.654875 seconds.
  path: Assets/Prefabs/Skybox_2
  artifactKey: Guid(ec745b7dca4e6f348a76ecdfd0addcd0) Importer(815301076,1909f56bfc062723c751e8b465ee728b)
Start importing Assets/Prefabs/Skybox_2 using Guid(ec745b7dca4e6f348a76ecdfd0addcd0) Importer(815301076,1909f56bfc062723c751e8b465ee728b)  -> (artifact id: 'c15e8c762f3cdb5d159cd6c048676adf') in 0.286977 seconds 
  Import took 0.342467 seconds .

========================================================================
Received Import Request.
  Time since last request: 2.470720 seconds.
  path: Assets/Prefabs/Skybox_2/Textures/4K_Resolution
  artifactKey: Guid(3cf686925f5deb9498710d174dbf5096) Importer(815301076,1909f56bfc062723c751e8b465ee728b)
Start importing Assets/Prefabs/Skybox_2/Textures/4K_Resolution using Guid(3cf686925f5deb9498710d174dbf5096) Importer(815301076,1909f56bfc062723c751e8b465ee728b)  -> (artifact id: '4ebdfc7d891539c03fb2d131c57bb60b') in 0.346283 seconds 
  Import took 0.415106 seconds .

========================================================================
Received Import Request.
  Time since last request: 179.960732 seconds.
  path: Assets/Scenes/Final.unity
  artifactKey: Guid(ab63416f8ce3a4f4ebe44a4f2486f2da) Importer(815301076,1909f56bfc062723c751e8b465ee728b)
Start importing Assets/Scenes/Final.unity using Guid(ab63416f8ce3a4f4ebe44a4f2486f2da) Importer(815301076,1909f56bfc062723c751e8b465ee728b)  -> (artifact id: 'ca8008604084abe09039a10154712dae') in 0.094702 seconds 
  Import took 0.160109 seconds .

========================================================================
Received Import Request.
  Time since last request: 2.791385 seconds.
  path: Assets/Scenes/Inicio.unity
  artifactKey: Guid(59c0635216ccdb54abfd107529c13e61) Importer(815301076,1909f56bfc062723c751e8b465ee728b)
Start importing Assets/Scenes/Inicio.unity using Guid(59c0635216ccdb54abfd107529c13e61) Importer(815301076,1909f56bfc062723c751e8b465ee728b)  -> (artifact id: '243c6ee77d88d07be2bdc94a46126a38') in 0.201665 seconds 
  Import took 0.278668 seconds .

========================================================================
Received Import Request.
  Time since last request: 34.863219 seconds.
  path: Assets/Prefabs/Skybox_3/Textures/1K_Resolution
  artifactKey: Guid(4a9d5d576ee1eb14790fc2ef95202df1) Importer(815301076,1909f56bfc062723c751e8b465ee728b)
Start importing Assets/Prefabs/Skybox_3/Textures/1K_Resolution using Guid(4a9d5d576ee1eb14790fc2ef95202df1) Importer(815301076,1909f56bfc062723c751e8b465ee728b)  -> (artifact id: 'f0f97bf969d2000b1f007e3c3d1ba90e') in 0.099311 seconds 
  Import took 0.219621 seconds .

========================================================================
Received Import Request.
  Time since last request: 460.447400 seconds.
  path: Assets/Scenes/Principal
  artifactKey: Guid(257e12fedf943744697c74e55b5d32b1) Importer(815301076,1909f56bfc062723c751e8b465ee728b)
Start importing Assets/Scenes/Principal using Guid(257e12fedf943744697c74e55b5d32b1) Importer(815301076,1909f56bfc062723c751e8b465ee728b)  -> (artifact id: '8c5a4b7513b106e2a2f8b9bc86029a36') in 0.226766 seconds 
  Import took 0.300126 seconds .

========================================================================
Received Import Request.
  Time since last request: 0.001016 seconds.
  path: Assets/Scenes/Principal/LightingData.asset
  artifactKey: Guid(c3a429c465bdd774fa2da9ff0dc7a32b) Importer(815301076,1909f56bfc062723c751e8b465ee728b)
Start importing Assets/Scenes/Principal/LightingData.asset using Guid(c3a429c465bdd774fa2da9ff0dc7a32b) Importer(815301076,1909f56bfc062723c751e8b465ee728b)  -> (artifact id: '20a4cc7cebb29a1c8a3d719705e034be') in 0.745071 seconds 
  Import took 0.898279 seconds .

========================================================================
Received Import Request.
  Time since last request: 0.003079 seconds.
  path: Assets/Scenes/Principal/ReflectionProbe-0.exr
  artifactKey: Guid(8d7858dd0e348ed4b94c604a19cc41c4) Importer(815301076,1909f56bfc062723c751e8b465ee728b)
Start importing Assets/Scenes/Principal/ReflectionProbe-0.exr using Guid(8d7858dd0e348ed4b94c604a19cc41c4) Importer(815301076,1909f56bfc062723c751e8b465ee728b)  -> (artifact id: 'cccab31a5abed6d8c07df4050d0e8453') in 15.114089 seconds 
  Import took 15.314533 seconds .

========================================================================
Received Import Request.
  Time since last request: 75.747774 seconds.
  path: Assets/Scenes/Principal/Materials
  artifactKey: Guid(cb189f4fa6392c745bffa81cef9fbef7) Importer(815301076,1909f56bfc062723c751e8b465ee728b)
Start importing Assets/Scenes/Principal/Materials using Guid(cb189f4fa6392c745bffa81cef9fbef7) Importer(815301076,1909f56bfc062723c751e8b465ee728b)  -> (artifact id: 'd6efa045c563cf82f57c57bfe0d68a4c') in 0.200976 seconds 
  Import took 0.226634 seconds .

========================================================================
Received Import Request.
  Time since last request: 0.001170 seconds.
  path: Assets/Scenes/Principal/Materials/ReflectionProbe-0.mat
  artifactKey: Guid(c9c97ee6691918448b75105874915c0a) Importer(815301076,1909f56bfc062723c751e8b465ee728b)
Start importing Assets/Scenes/Principal/Materials/ReflectionProbe-0.mat using Guid(c9c97ee6691918448b75105874915c0a) Importer(815301076,1909f56bfc062723c751e8b465ee728b)  -> (artifact id: '621097a44b097dd5319d8a89bbed3e65') in 5.337697 seconds 
  Import took 5.444208 seconds .

========================================================================
Received Prepare
Registering precompiled user dll's ...
Registered in 0.199345 seconds.
Begin MonoManager ReloadAssembly
Native extension for WindowsStandalone target not found
Refreshing native plugins compatible for Editor in 1.77 ms, found 2 plugins.
Preloading 0 native plugins for Editor in 0.00 ms.
Mono: successfully reloaded assembly
- Completed reload, in 35.912 seconds
Domain Reload Profiling:
	ReloadAssembly (36449ms)
		BeginReloadAssembly (20113ms)
			ExecutionOrderSort (0ms)
			DisableScriptedObjects (4301ms)
			BackupInstance (0ms)
			ReleaseScriptingObjects (0ms)
			CreateAndSetChildDomain (8781ms)
		EndReloadAssembly (15306ms)
			LoadAssemblies (1877ms)
			RebuildTransferFunctionScriptingTraits (1ms)
			SetupTypeCache (7168ms)
			ReleaseScriptCaches (3ms)
			RebuildScriptCaches (450ms)
			SetupLoadedEditorAssemblies (4812ms)
				LogAssemblyErrors (0ms)
				InitializePlatformSupportModulesInManaged (61ms)
				SetLoadedEditorAssemblies (8ms)
				RefreshPlugins (2ms)
				BeforeProcessingInitializeOnLoad (1293ms)
				ProcessInitializeOnLoadAttributes (3286ms)
				ProcessInitializeOnLoadMethodAttributes (46ms)
				AfterProcessingInitializeOnLoad (86ms)
				EditorAssembliesLoaded (30ms)
			ExecutionOrderSort2 (0ms)
			AwakeInstancesAfterBackupRestoration (55ms)
Platform modules already initialized, skipping
Refreshing native plugins compatible for Editor in 1.46 ms, found 2 plugins.
Preloading 0 native plugins for Editor in 0.00 ms.
Unloading 1395 Unused Serialized files (Serialized files now loaded: 0)
System memory in use before: 68.6 MB.
System memory in use after: 68.7 MB.

Unloading 13 unused Assets to reduce memory usage. Loaded Objects now: 1883.
Total: 21.840400 ms (FindLiveObjects: 0.893000 ms CreateObjectMapping: 0.322500 ms MarkObjects: 20.377000 ms  DeleteObjects: 0.239900 ms)

AssetImportParameters requested are different than current active one (requested -> active):
  custom:framework-win-MediaFoundation: 216162199b28c13a410421893ffa2e32 -> 
  custom:video-decoder-ogg-theora: a1e56fd34408186e4bbccfd4996cb3dc -> 
  custom:container-muxer-webm: aa71ff27fc2769a1b78a27578f13a17b -> 
  custom:container-demuxer-webm: 4f35f7cbe854078d1ac9338744f61a02 -> 
  custom:container-demuxer-ogg: 62fdf1f143b41e24485cea50d1cbac27 -> 
  custom:video-encoder-webm-vp8: eb34c28f22e8b96e1ab97ce403110664 -> 
  custom:video-decoder-webm-vp8: 9c59270c3fd7afecdb556c50c9e8de78 -> 
  custom:audio-decoder-ogg-vorbis: bf7c407c2cedff20999df2af8eb42d56 -> 
  custom:audio-encoder-webm-vorbis: bf7c407c2cedff20999df2af8eb42d56 -> 
========================================================================
Received Import Request.
  Time since last request: 206.068431 seconds.
  path: Assets/Scenes/Final
  artifactKey: Guid(f0f53d64121e2e54aa2f8733daa1ee99) Importer(815301076,1909f56bfc062723c751e8b465ee728b)
Start importing Assets/Scenes/Final using Guid(f0f53d64121e2e54aa2f8733daa1ee99) Importer(815301076,1909f56bfc062723c751e8b465ee728b)  -> (artifact id: '80dc17d3b574e3f36121f95d50014651') in 0.128693 seconds 
  Import took 0.170542 seconds .

========================================================================
Received Import Request.
  Time since last request: 2385.345819 seconds.
  path: Assets/Free Skyboxes - Space/Demo Scenes
  artifactKey: Guid(7aff19e53a321794cbbf66ee5ffa658a) Importer(815301076,1909f56bfc062723c751e8b465ee728b)
Start importing Assets/Free Skyboxes - Space/Demo Scenes using Guid(7aff19e53a321794cbbf66ee5ffa658a) Importer(815301076,1909f56bfc062723c751e8b465ee728b)  -> (artifact id: '3cf9c76e3bbd67cd14db99260e74a4ef') in 1.674760 seconds 
  Import took 3.363914 seconds .

========================================================================
Received Import Request.
  Time since last request: 16.802429 seconds.
  path: Assets/Free Skyboxes - Space/SBS Space 1/SBS Space 1.asset
  artifactKey: Guid(7543a125dc85ebd4d9c70ab77162e656) Importer(815301076,1909f56bfc062723c751e8b465ee728b)
Start importing Assets/Free Skyboxes - Space/SBS Space 1/SBS Space 1.asset using Guid(7543a125dc85ebd4d9c70ab77162e656) Importer(815301076,1909f56bfc062723c751e8b465ee728b)  -> (artifact id: '2634f9cf34827ac4d56ea3af097e25d5') in 6.921669 seconds 
  Import took 7.037507 seconds .

========================================================================
Received Import Request.
  Time since last request: 0.001251 seconds.
  path: Assets/Free Skyboxes - Space/SBS Space 3/SBS Space 3.asset
  artifactKey: Guid(8cffd043f98672146ac7e49014ccbbe7) Importer(815301076,1909f56bfc062723c751e8b465ee728b)
Start importing Assets/Free Skyboxes - Space/SBS Space 3/SBS Space 3.asset using Guid(8cffd043f98672146ac7e49014ccbbe7) Importer(815301076,1909f56bfc062723c751e8b465ee728b)  -> (artifact id: '960ecf8a8609d1715467143219ca6de9') in 0.280992 seconds 
  Import took 0.577981 seconds .

========================================================================
Received Import Request.
  Time since last request: 0.001337 seconds.
  path: Assets/Free Skyboxes - Space/SBS Space 2/SBS Space 2.asset
  artifactKey: Guid(20f397556093c9847bde20df70e7c347) Importer(815301076,1909f56bfc062723c751e8b465ee728b)
Start importing Assets/Free Skyboxes - Space/SBS Space 2/SBS Space 2.asset using Guid(20f397556093c9847bde20df70e7c347) Importer(815301076,1909f56bfc062723c751e8b465ee728b)  -> (artifact id: '1f48573cb71e5e063e19a58f30158253') in 0.309473 seconds 
  Import took 0.410711 seconds .

========================================================================
Received Import Request.
  Time since last request: 1.400637 seconds.
  path: Assets/Free Skyboxes - Space/SBS Space 5/SBS Space 5.asset
  artifactKey: Guid(ce9696d905b3d924a9c52bf2cd38cb7f) Importer(815301076,1909f56bfc062723c751e8b465ee728b)
Start importing Assets/Free Skyboxes - Space/SBS Space 5/SBS Space 5.asset using Guid(ce9696d905b3d924a9c52bf2cd38cb7f) Importer(815301076,1909f56bfc062723c751e8b465ee728b)  -> (artifact id: '654a8e1cfb3d2bc865a20bf0bf4dc510') in 0.267771 seconds 
  Import took 0.348617 seconds .

========================================================================
Received Import Request.
  Time since last request: 20.584825 seconds.
  path: Assets/Free Skyboxes - Space/SBS Space 1/Medium
  artifactKey: Guid(cc2a2ce691c67f74e9139e24870d554e) Importer(815301076,1909f56bfc062723c751e8b465ee728b)
Start importing Assets/Free Skyboxes - Space/SBS Space 1/Medium using Guid(cc2a2ce691c67f74e9139e24870d554e) Importer(815301076,1909f56bfc062723c751e8b465ee728b)  -> (artifact id: '8e5c85f5572c080df7ae25ceeaf0b1d4') in 0.172337 seconds 
  Import took 0.413998 seconds .

========================================================================
Received Import Request.
  Time since last request: 1.457923 seconds.
  path: Assets/Free Skyboxes - Space/SBS Space 1/Medium/Skybox_Space 1 Medium.mat
  artifactKey: Guid(cb4b6d1bf9c978042b7931378995b776) Importer(815301076,1909f56bfc062723c751e8b465ee728b)
Start importing Assets/Free Skyboxes - Space/SBS Space 1/Medium/Skybox_Space 1 Medium.mat using Guid(cb4b6d1bf9c978042b7931378995b776) Importer(815301076,1909f56bfc062723c751e8b465ee728b)  -> (artifact id: '3292649367b38c5917993d80a73a88ce') in 117.843788 seconds 
  Import took 118.443440 seconds .

========================================================================
Received Import Request.
  Time since last request: 0.027170 seconds.
  path: Assets/Free Skyboxes - Space/SBS Space 1/Small/Skybox_Space 1 Small.mat
  artifactKey: Guid(a4ed21be487740a418a654407aaaf103) Importer(815301076,1909f56bfc062723c751e8b465ee728b)
Start importing Assets/Free Skyboxes - Space/SBS Space 1/Small/Skybox_Space 1 Small.mat using Guid(a4ed21be487740a418a654407aaaf103) Importer(815301076,1909f56bfc062723c751e8b465ee728b)  -> (artifact id: '9994dee6e756b65ef37d8e390e815df0') in 21.565386 seconds 
  Import took 21.853927 seconds .

========================================================================
Received Import Request.
  Time since last request: 0.001651 seconds.
  path: Assets/Free Skyboxes - Space/SBS Space 2/Medium/Skybox_Space 2 Medium.mat
  artifactKey: Guid(89fff474ba0a95e49ae5cf261d4f8fcc) Importer(815301076,1909f56bfc062723c751e8b465ee728b)
Start importing Assets/Free Skyboxes - Space/SBS Space 2/Medium/Skybox_Space 2 Medium.mat using Guid(89fff474ba0a95e49ae5cf261d4f8fcc) Importer(815301076,1909f56bfc062723c751e8b465ee728b)  -> (artifact id: 'b31180cca4f5470be99e092339fbe0b4') in 4.195925 seconds 
  Import took 4.372054 seconds .

========================================================================
Received Import Request.
  Time since last request: 0.041151 seconds.
  path: Assets/Free Skyboxes - Space/SBS Space 4/Medium
  artifactKey: Guid(1793d2ebe16d8254ebcd3b20e005acec) Importer(815301076,1909f56bfc062723c751e8b465ee728b)
Start importing Assets/Free Skyboxes - Space/SBS Space 4/Medium using Guid(1793d2ebe16d8254ebcd3b20e005acec) Importer(815301076,1909f56bfc062723c751e8b465ee728b)  -> (artifact id: '375ec28abd4b31f446e0f5db0e147109') in 0.167068 seconds 
  Import took 0.292890 seconds .

========================================================================
Received Import Request.
  Time since last request: 0.001120 seconds.
  path: Assets/Free Skyboxes - Space/SBS Space 4/Medium/Skybox_Space 4 Medium.mat
  artifactKey: Guid(ab815e1cd29c5f244bcdd121845400ef) Importer(815301076,1909f56bfc062723c751e8b465ee728b)
Start importing Assets/Free Skyboxes - Space/SBS Space 4/Medium/Skybox_Space 4 Medium.mat using Guid(ab815e1cd29c5f244bcdd121845400ef) Importer(815301076,1909f56bfc062723c751e8b465ee728b)  -> (artifact id: 'f15a62b471771b0f785e9ed178ae8bbd') in 4.139733 seconds 
  Import took 4.532871 seconds .

========================================================================
Received Import Request.
  Time since last request: 0.002162 seconds.
  path: Assets/Free Skyboxes - Space/SBS Space 4/SBS Space 4.asset
  artifactKey: Guid(1af3fd194b4bbb9499fbd0ce8c006bca) Importer(815301076,1909f56bfc062723c751e8b465ee728b)
Start importing Assets/Free Skyboxes - Space/SBS Space 4/SBS Space 4.asset using Guid(1af3fd194b4bbb9499fbd0ce8c006bca) Importer(815301076,1909f56bfc062723c751e8b465ee728b)  -> (artifact id: '6cb2689ee71d96a6a84f3bab0e485ed3') in 0.205496 seconds 
  Import took 0.343327 seconds .

========================================================================
Received Import Request.
  Time since last request: 0.108312 seconds.
  path: Assets/Free Skyboxes - Space/SBS Space 2/Small/Skybox_Space 2 Small.mat
  artifactKey: Guid(98740415e46103c4da3ab7bb864ab17d) Importer(815301076,1909f56bfc062723c751e8b465ee728b)
Start importing Assets/Free Skyboxes - Space/SBS Space 2/Small/Skybox_Space 2 Small.mat using Guid(98740415e46103c4da3ab7bb864ab17d) Importer(815301076,1909f56bfc062723c751e8b465ee728b)  -> (artifact id: 'afc7f7582f89972b068e76653239762c') in 2.226360 seconds 
  Import took 2.280265 seconds .

========================================================================
Received Import Request.
  Time since last request: 0.001175 seconds.
  path: Assets/Scenes/Principal.unity
  artifactKey: Guid(9fc0d4010bbf28b4594072e72b8655ab) Importer(815301076,1909f56bfc062723c751e8b465ee728b)
Start importing Assets/Scenes/Principal.unity using Guid(9fc0d4010bbf28b4594072e72b8655ab) Importer(815301076,1909f56bfc062723c751e8b465ee728b)  -> (artifact id: '97730ec11521cf1646156d996c61447c') in 0.229103 seconds 
  Import took 0.436599 seconds .

========================================================================
Received Import Request.
  Time since last request: 0.001176 seconds.
  path: Assets/Free Skyboxes - Space/SBS Space 2/Medium
  artifactKey: Guid(c13252091096a8045a6388f12353554d) Importer(815301076,1909f56bfc062723c751e8b465ee728b)
Start importing Assets/Free Skyboxes - Space/SBS Space 2/Medium using Guid(c13252091096a8045a6388f12353554d) Importer(815301076,1909f56bfc062723c751e8b465ee728b)  -> (artifact id: '630d1a8b314f5f4457f66295286a4a59') in 0.584162 seconds 
  Import took 0.786991 seconds .

========================================================================
Received Import Request.
  Time since last request: 23.722950 seconds.
  path: Assets/Free Skyboxes - Space/SBS Space 3/Medium
  artifactKey: Guid(655200d143718c246a154f54810ccaea) Importer(815301076,1909f56bfc062723c751e8b465ee728b)
Start importing Assets/Free Skyboxes - Space/SBS Space 3/Medium using Guid(655200d143718c246a154f54810ccaea) Importer(815301076,1909f56bfc062723c751e8b465ee728b)  -> (artifact id: 'c644c733c927a72e9172a0acad3c413f') in 0.268399 seconds 
  Import took 0.346137 seconds .

========================================================================
Received Import Request.
  Time since last request: 0.001067 seconds.
  path: Assets/Free Skyboxes - Space/SBS Space 3/Medium/Skybox_Space 3 Medium.mat
  artifactKey: Guid(412f5114ffdfb224090e321b3492cdd6) Importer(815301076,1909f56bfc062723c751e8b465ee728b)
Start importing Assets/Free Skyboxes - Space/SBS Space 3/Medium/Skybox_Space 3 Medium.mat using Guid(412f5114ffdfb224090e321b3492cdd6) Importer(815301076,1909f56bfc062723c751e8b465ee728b)  -> (artifact id: '48107ae02b1c9c5d728208b397b04eeb') in 4.453727 seconds 
  Import took 11.269671 seconds .

========================================================================
Received Import Request.
  Time since last request: 6.395581 seconds.
  path: Assets/Free Skyboxes - Space/SBS Space 4/Large
  artifactKey: Guid(8571b1b90a3a911498160814a54ad4d3) Importer(815301076,1909f56bfc062723c751e8b465ee728b)
Start importing Assets/Free Skyboxes - Space/SBS Space 4/Large using Guid(8571b1b90a3a911498160814a54ad4d3) Importer(815301076,1909f56bfc062723c751e8b465ee728b)  -> (artifact id: 'a45b4fe55ea17afa87d245299b274e22') in 0.315191 seconds 
  Import took 1.105554 seconds .

========================================================================
Received Import Request.
  Time since last request: 0.001146 seconds.
  path: Assets/Free Skyboxes - Space/SBS Space 4/Large/Skybox_Space 4 Large.mat
  artifactKey: Guid(bcd3417f7c4e30d40bdf0dc5002ae1fd) Importer(815301076,1909f56bfc062723c751e8b465ee728b)
Start importing Assets/Free Skyboxes - Space/SBS Space 4/Large/Skybox_Space 4 Large.mat using Guid(bcd3417f7c4e30d40bdf0dc5002ae1fd) Importer(815301076,1909f56bfc062723c751e8b465ee728b)  -> (artifact id: '39a5058d7fab812f3ce2553dada46caf') in 3.412551 seconds 
  Import took 16.521082 seconds .

========================================================================
Received Import Request.
  Time since last request: 1.582580 seconds.
  path: Assets/Free Skyboxes - Space/SBS Space 4/Small/Skybox_Space 4 Small.mat
  artifactKey: Guid(1a995ed9c8693fd459f57a369da1b017) Importer(815301076,1909f56bfc062723c751e8b465ee728b)
Start importing Assets/Free Skyboxes - Space/SBS Space 4/Small/Skybox_Space 4 Small.mat using Guid(1a995ed9c8693fd459f57a369da1b017) Importer(815301076,1909f56bfc062723c751e8b465ee728b)  -> (artifact id: '135d228bc1e38c7b95a7418c5c0cf2c8') in 10.004788 seconds 
  Import took 12.389621 seconds .

========================================================================
Received Import Request.
  Time since last request: 17.610103 seconds.
  path: Assets/Free Skyboxes - Space/SBS Space 5/Medium
  artifactKey: Guid(1b0f5ab544cc7804ca52a8ffc79ee1e7) Importer(815301076,1909f56bfc062723c751e8b465ee728b)
Start importing Assets/Free Skyboxes - Space/SBS Space 5/Medium using Guid(1b0f5ab544cc7804ca52a8ffc79ee1e7) Importer(815301076,1909f56bfc062723c751e8b465ee728b)  -> (artifact id: '9b2c057c38f39a624c67f68e917093d9') in 34.592486 seconds 
  Import took 34.740478 seconds .

========================================================================
Received Import Request.
  Time since last request: 0.001016 seconds.
  path: Assets/Free Skyboxes - Space/SBS Space 5/Medium/Skybox_Space 5 Medium.mat
  artifactKey: Guid(57a03e42a58e1e242b3b60b258a9229b) Importer(815301076,1909f56bfc062723c751e8b465ee728b)
Start importing Assets/Free Skyboxes - Space/SBS Space 5/Medium/Skybox_Space 5 Medium.mat using Guid(57a03e42a58e1e242b3b60b258a9229b) Importer(815301076,1909f56bfc062723c751e8b465ee728b)  -> (artifact id: 'b1520988644fb5d11a2ba6f5c7cc6985') in 22.767239 seconds 
  Import took 27.969406 seconds .

========================================================================
Received Import Request.
  Time since last request: 398.182717 seconds.
  path: Assets/Scenes/Principal.unity
  artifactKey: Guid(9fc0d4010bbf28b4594072e72b8655ab) Importer(815301076,1909f56bfc062723c751e8b465ee728b)
Start importing Assets/Scenes/Principal.unity using Guid(9fc0d4010bbf28b4594072e72b8655ab) Importer(815301076,1909f56bfc062723c751e8b465ee728b)  -> (artifact id: 'e8a8140e358323aca65eea657d76e106') in 1.559761 seconds 
  Import took 1.712260 seconds .

========================================================================
Received Import Request.
  Time since last request: 91.982646 seconds.
  path: Assets/Scenes/Final.unity
  artifactKey: Guid(ab63416f8ce3a4f4ebe44a4f2486f2da) Importer(815301076,1909f56bfc062723c751e8b465ee728b)
Start importing Assets/Scenes/Final.unity using Guid(ab63416f8ce3a4f4ebe44a4f2486f2da) Importer(815301076,1909f56bfc062723c751e8b465ee728b)  -> (artifact id: '7a340a5f758f481d5c867f8ca36e74b8') in 0.562977 seconds 
  Import took 0.611153 seconds .

========================================================================
Received Import Request.
  Time since last request: 132.536558 seconds.
  path: Assets/Scenes/Inicio.unity
  artifactKey: Guid(59c0635216ccdb54abfd107529c13e61) Importer(815301076,1909f56bfc062723c751e8b465ee728b)
Start importing Assets/Scenes/Inicio.unity using Guid(59c0635216ccdb54abfd107529c13e61) Importer(815301076,1909f56bfc062723c751e8b465ee728b)  -> (artifact id: 'd25a371fbdb389ac5cf452229d3a98a5') in 1.845802 seconds 
  Import took 1.949698 seconds .

========================================================================
Received Prepare
Registering precompiled user dll's ...
Registered in 0.246655 seconds.
Begin MonoManager ReloadAssembly
Native extension for WindowsStandalone target not found
Refreshing native plugins compatible for Editor in 41.47 ms, found 2 plugins.
Preloading 0 native plugins for Editor in 0.00 ms.
Mono: successfully reloaded assembly
- Completed reload, in 184.545 seconds
Domain Reload Profiling:
	ReloadAssembly (186654ms)
		BeginReloadAssembly (140893ms)
			ExecutionOrderSort (0ms)
			DisableScriptedObjects (12224ms)
			BackupInstance (0ms)
			ReleaseScriptingObjects (1ms)
			CreateAndSetChildDomain (98528ms)
		EndReloadAssembly (41142ms)
			LoadAssemblies (7795ms)
			RebuildTransferFunctionScriptingTraits (112ms)
			SetupTypeCache (11024ms)
			ReleaseScriptCaches (3ms)
			RebuildScriptCaches (803ms)
			SetupLoadedEditorAssemblies (17503ms)
				LogAssemblyErrors (0ms)
				InitializePlatformSupportModulesInManaged (1577ms)
				SetLoadedEditorAssemblies (48ms)
				RefreshPlugins (42ms)
				BeforeProcessingInitializeOnLoad (1183ms)
				ProcessInitializeOnLoadAttributes (14298ms)
				ProcessInitializeOnLoadMethodAttributes (256ms)
				AfterProcessingInitializeOnLoad (98ms)
				EditorAssembliesLoaded (2ms)
			ExecutionOrderSort2 (0ms)
			AwakeInstancesAfterBackupRestoration (432ms)
Platform modules already initialized, skipping
Refreshing native plugins compatible for Editor in 1.44 ms, found 2 plugins.
Preloading 0 native plugins for Editor in 0.00 ms.
Unloading 1395 Unused Serialized files (Serialized files now loaded: 0)
System memory in use before: 68.7 MB.
System memory in use after: 68.8 MB.

Unloading 11 unused Assets to reduce memory usage. Loaded Objects now: 1886.
Total: 200.868500 ms (FindLiveObjects: 40.073800 ms CreateObjectMapping: 0.383500 ms MarkObjects: 159.809500 ms  DeleteObjects: 0.593100 ms)

AssetImportParameters requested are different than current active one (requested -> active):
  custom:framework-win-MediaFoundation: 216162199b28c13a410421893ffa2e32 -> 
  custom:video-decoder-ogg-theora: a1e56fd34408186e4bbccfd4996cb3dc -> 
  custom:container-muxer-webm: aa71ff27fc2769a1b78a27578f13a17b -> 
  custom:container-demuxer-webm: 4f35f7cbe854078d1ac9338744f61a02 -> 
  custom:container-demuxer-ogg: 62fdf1f143b41e24485cea50d1cbac27 -> 
  custom:video-encoder-webm-vp8: eb34c28f22e8b96e1ab97ce403110664 -> 
  custom:video-decoder-webm-vp8: 9c59270c3fd7afecdb556c50c9e8de78 -> 
  custom:audio-decoder-ogg-vorbis: bf7c407c2cedff20999df2af8eb42d56 -> 
  custom:audio-encoder-webm-vorbis: bf7c407c2cedff20999df2af8eb42d56 -> 
========================================================================
Received Import Request.
  Time since last request: 912.811224 seconds.
  path: Assets/Prefabs/Bala.prefab
  artifactKey: Guid(a2fd3ee343d3104479cf1a2463049d73) Importer(815301076,1909f56bfc062723c751e8b465ee728b)
Start importing Assets/Prefabs/Bala.prefab using Guid(a2fd3ee343d3104479cf1a2463049d73) Importer(815301076,1909f56bfc062723c751e8b465ee728b)  -> (artifact id: 'dd2e550272c4e038445df2858bb544bc') in 61.232002 seconds 
  Import took 61.298240 seconds .

========================================================================
Received Prepare
Registering precompiled user dll's ...
Registered in 1.891065 seconds.
Begin MonoManager ReloadAssembly
Native extension for WindowsStandalone target not found
Refreshing native plugins compatible for Editor in 1.71 ms, found 2 plugins.
Preloading 0 native plugins for Editor in 0.00 ms.
Mono: successfully reloaded assembly
- Completed reload, in 61.894 seconds
Domain Reload Profiling:
	ReloadAssembly (61986ms)
		BeginReloadAssembly (5911ms)
			ExecutionOrderSort (65ms)
			DisableScriptedObjects (539ms)
			BackupInstance (0ms)
			ReleaseScriptingObjects (1ms)
			CreateAndSetChildDomain (2611ms)
		EndReloadAssembly (54447ms)
			LoadAssemblies (4393ms)
			RebuildTransferFunctionScriptingTraits (46ms)
			SetupTypeCache (8867ms)
			ReleaseScriptCaches (3ms)
			RebuildScriptCaches (505ms)
			SetupLoadedEditorAssemblies (39136ms)
				LogAssemblyErrors (4ms)
				InitializePlatformSupportModulesInManaged (71ms)
				SetLoadedEditorAssemblies (3ms)
				RefreshPlugins (2ms)
				BeforeProcessingInitializeOnLoad (819ms)
				ProcessInitializeOnLoadAttributes (38100ms)
				ProcessInitializeOnLoadMethodAttributes (61ms)
				AfterProcessingInitializeOnLoad (70ms)
				EditorAssembliesLoaded (5ms)
			ExecutionOrderSort2 (0ms)
			AwakeInstancesAfterBackupRestoration (110ms)
Platform modules already initialized, skipping
Refreshing native plugins compatible for Editor in 1.45 ms, found 2 plugins.
Preloading 0 native plugins for Editor in 0.00 ms.
Unloading 1395 Unused Serialized files (Serialized files now loaded: 0)
System memory in use before: 68.8 MB.
System memory in use after: 68.9 MB.

Unloading 11 unused Assets to reduce memory usage. Loaded Objects now: 1890.
Total: 121.237900 ms (FindLiveObjects: 0.921900 ms CreateObjectMapping: 0.298700 ms MarkObjects: 44.768300 ms  DeleteObjects: 75.241600 ms)

AssetImportParameters requested are different than current active one (requested -> active):
  custom:framework-win-MediaFoundation: 216162199b28c13a410421893ffa2e32 -> 
  custom:video-decoder-ogg-theora: a1e56fd34408186e4bbccfd4996cb3dc -> 
  custom:container-muxer-webm: aa71ff27fc2769a1b78a27578f13a17b -> 
  custom:container-demuxer-webm: 4f35f7cbe854078d1ac9338744f61a02 -> 
  custom:container-demuxer-ogg: 62fdf1f143b41e24485cea50d1cbac27 -> 
  custom:video-encoder-webm-vp8: eb34c28f22e8b96e1ab97ce403110664 -> 
  custom:video-decoder-webm-vp8: 9c59270c3fd7afecdb556c50c9e8de78 -> 
  custom:audio-decoder-ogg-vorbis: bf7c407c2cedff20999df2af8eb42d56 -> 
  custom:audio-encoder-webm-vorbis: bf7c407c2cedff20999df2af8eb42d56 -> 
